<?xml version="1.0" encoding="UTF-8"?>
<!-- Generated by org.testng.reporters.JUnitReportReporter -->
<testsuite hostname="LAPTOP-QS6OB0P6" name="org.tech.redBus_02Task" tests="1" failures="0" timestamp="2 May 2022 12:05:52 GMT" time="139.026" errors="0">
  <testcase name="RedBus_login_Test" time="139.026" classname="org.tech.redBus_02Task"/>
</testsuite> <!-- org.tech.redBus_02Task -->
