<?xml version="1.0" encoding="UTF-8"?>
<!-- Generated by org.testng.reporters.JUnitReportReporter -->
<testsuite hostname="LAPTOP-QS6OB0P6" name="org.tech.SimpleTestNG" tests="1" failures="0" timestamp="23 Apr 2022 11:08:21 GMT" time="5.532" errors="0">
  <testcase name="UrlLaunch" time="5.532" classname="org.tech.SimpleTestNG"/>
</testsuite> <!-- org.tech.SimpleTestNG -->
