<?xml version="1.0" encoding="UTF-8"?>
<!-- Generated by org.testng.reporters.JUnitReportReporter -->
<testsuite hostname="LAPTOP-QS6OB0P6" name="org.tech.Demo" tests="1" failures="0" timestamp="2 May 2022 12:19:57 GMT" time="36.539" errors="0">
  <testcase name="demoQa" time="36.539" classname="org.tech.Demo"/>
</testsuite> <!-- org.tech.Demo -->
